--------------------------------------------------
----------        INSTALL STARTED       ----------
--------------------------------------------------
[2018-10-25 11:09:13:000000] --- FILES INSTALLATION STARTED ---
[2018-10-25 11:09:13:000000] SUCCESS: No file to install.
[2018-10-25 11:09:13:000000] --- FILES INSTALLATION ENDED ---
[2018-10-25 11:09:13:000000] --- FILES UPDATE STARTED ---
[2018-10-25 11:09:13:000000] SUCCESS: No file to update.
[2018-10-25 11:09:13:000000] --- FILES UPDATE ENDED ---
[2018-10-25 11:09:13:000000] --- DB INSTALLATION STARTED ---
[2018-10-25 11:09:13:000000] SUCCESS: QUERY:
CREATE TABLE IF NOT EXISTS `ps_beezup_configuration` (
	`id_configuration` INT NOT NULL AUTO_INCREMENT PRIMARY KEY,
	`id_shop_group` INT(11) UNSIGNED DEFAULT NULL DEFAULT 0 ,
	`id_shop` INT(11) UNSIGNED DEFAULT NULL DEFAULT 0 ,
	`name` VARCHAR( 12 ) CHARACTER SET utf8 COLLATE utf8_general_ci NOT NULL DEFAULT "default",
	`disable_disabled_product` BOOL NOT NULL DEFAULT 0 ,
	`disable_not_available` BOOL NOT NULL DEFAULT 0 ,
	`disable_oos_product` BOOL NOT NULL DEFAULT 0 ,
	`id_carrier` INT NOT NULL DEFAULT 0 ,
	`id_zone` INT NOT NULL DEFAULT 0 ,
	`image_type` VARCHAR(75) CHARACTER SET utf8 COLLATE utf8_general_ci NOT NULL  DEFAULT "",
	`id_default_lang` INT NOT NULL DEFAULT 0 ,
	`force_product_tax` BOOL NOT NULL DEFAULT 0 ,
	`set_attributes_as_product` BOOL NOT NULL  DEFAULT 0 ,
	KEY `name` (`name`),
	KEY `id_shop` (`id_shop`),
	KEY `id_shop_group` (`id_shop_group`)
) ENGINE = innoDB

[2018-10-25 11:09:13:000000] SUCCESS: QUERY:
CREATE TABLE IF NOT EXISTS `ps_beezup_field` (
	`id_field` INT NOT NULL AUTO_INCREMENT PRIMARY KEY ,
	`id_configuration` INT NOT NULL DEFAULT 0 ,
	`active` BOOL NOT NULL DEFAULT 0 ,
	`forced` BOOL NOT NULL DEFAULT 0  ,
	`editable` BOOL NOT NULL DEFAULT 0  ,
	`free_field` BOOL NOT NULL DEFAULT 0 ,
	`default` VARCHAR( 75 ) CHARACTER SET utf8 COLLATE utf8_general_ci NULL  DEFAULT "" ,
	`id_feature` INT NULL DEFAULT 0  ,
	`id_attribute_group` INT NULL DEFAULT 0  ,
	`values_list` TEXT CHARACTER SET utf8 COLLATE utf8_general_ci NOT NULL  DEFAULT "" ,
	`balise` VARCHAR( 75 ) CHARACTER SET utf8 COLLATE utf8_general_ci NOT NULL DEFAULT "",
	`function` VARCHAR( 75 ) CHARACTER SET utf8 COLLATE utf8_general_ci NOT NULL DEFAULT "",
	`fields_group` VARCHAR(75) CHARACTER SET utf8 COLLATE utf8_general_ci NOT NULL  DEFAULT "",
	CONSTRAINT fk_configuration_field
		FOREIGN KEY (`id_configuration`)
		REFERENCES `ps_beezup_configuration`(`id_configuration`)
		ON UPDATE CASCADE
		ON DELETE CASCADE
) ENGINE = InnoDB

[2018-10-25 11:09:13:000000] SUCCESS: QUERY:
CREATE TABLE IF NOT EXISTS `ps_beezupom_log` (
  `id_beezupom_log` int(255) not null auto_increment,
  `beezup_order_id` varchar(100) not null,
  `message_type` varchar(50) not null,
  `message` varchar(350) not null,
  `date` datetime not null,
  primary key(id_beezupom_log)
) ENGINE = InnoDB

[2018-10-25 11:09:13:000000] SUCCESS: QUERY:
CREATE TABLE IF NOT EXISTS `ps_beezup_order_status` (
			`id_beezup_order_status`  INT NOT NULL AUTO_INCREMENT PRIMARY KEY,
			`id_order` INT(11) UNSIGNED DEFAULT NULL DEFAULT 0 ,
			`id_order_status` INT(11) UNSIGNED DEFAULT NULL DEFAULT 0 ,
			KEY `id_order` (`id_order`),
			KEY `id_order_status` (`id_order_status`)
			) ENGINE=INNODB

[2018-10-25 11:09:13:000000] SUCCESS: QUERY:
CREATE TABLE IF NOT EXISTS `ps_beezupom_product_template` (
            id_beezupom_product_template int(255) not null auto_increment,
            field_type varchar(30) not null,
            search_value varchar(100) not null,
            replace_value varchar(100) not null,
            marketplace varchar(350) not null,
            primary key(id_beezupom_product_template)
        ) ENGINE=INNODB

[2018-10-25 11:09:13:000000] SUCCESS: QUERY:
DELETE FROM `ps_beezup_configuration`

[2018-10-25 11:09:13:000000] SUCCESS: QUERY:
INSERT INTO `ps_beezup_configuration`
	(`id_configuration`,`name`,`id_shop`, `id_shop_group`, `disable_disabled_product`,`disable_not_available`,`disable_oos_product`,`id_carrier`,`id_zone`,`image_type`,`id_default_lang`,`force_product_tax`,`set_attributes_as_product`)
VALUES
	(1,'default', NULL, NULL, 1,1,0,2, 1,'thickbox_default',1,0,0)

[2018-10-25 11:09:13:000000] SUCCESS: QUERY:
UPDATE `ps_beezup_configuration` SET id_default_lang = (SELECT `value` FROM `ps_configuration` WHERE name = 'PS_LANG_DEFAULT' LIMIT 1)

[2018-10-25 11:09:14:000000] SUCCESS: QUERY:
TRUNCATE TABLE `ps_beezup_field`

[2018-10-25 11:09:14:000000] SUCCESS: QUERY:
INSERT INTO `ps_beezup_field`
	(`id_configuration`,`free_field`, `active`,`forced`,`editable`,`default`,`id_feature`,`id_attribute_group`,`values_list`,`balise`,`function`,`fields_group`)
VALUES
	-- References produits
	(1,0,1,1,0,'',0,0,'','reference','getReference','01.Référence produit'),
	(1,0,0,0,0,'',0,0,'','reference_produit','getProductReference','01.Référence produit'),
	(1,0,0,0,0,'',0,0,'','reference_fabriquant','getManufacturerReference','01.Référence produit'),
	(1,0,0,0,0,'',0,0,'','EAN','getEAN','01.Référence produit'),
	(1,0,0,0,0,'',0,0,'','UPC','getUpc','01.Référence produit'),
	-- Gestion déclinaisons
	(1,0,1,1,0,'',0,0,'','parent_or_child','getParentOrChild','01.Référence produit'),
	(1,0,1,1,0,'',0,0,'','parent_id','getParentId','01.Référence produit'),
	(1,0,0,0,0,'',0,0,'','parent_ref_produit','getParentProductReference','01.Référence produit'),
	-- Descriptif produit
	(1,0,1,1,0,'',0,0,'','marque','getManufacturer','02.Descriptif produit'),
	(1,0,1,1,0,'',0,0,'','nom','getName','02.Descriptif produit'),
	(1,0,1,1,0,'',0,0,'','resume','getShortDescription','02.Descriptif produit'),
	(1,0,1,1,0,'',0,0,'','description','getDescription','02.Descriptif produit'),
	(1,0,1,1,0,'',0,0,'','prix','getPriceTTC','02.Descriptif produit'),
	(1,0,0,0,0,'',0,0,'','ecotax','getEcoTax','02.Descriptif produit'),
	(1,0,0,0,0,'',0,0,'','etat','getCondition','02.Descriptif produit'),
	(1,0,0,0,1,'',0,0,'','garantie','getFeatureAttrGroup','02.Descriptif produit'),
	(1,0,0,0,0,'',0,0,'','poids','getWeight','02.Descriptif produit'),
	(1,0,0,0,1,'',0,0,'','type','getFeatureAttrGroup','02.Descriptif produit'),
	(1,0,1,1,0,'',0,0,'','url_produit','getURLProduct','02.Descriptif produit'),
	(1,0,1,1,0,'',0,0,'','url_image','getURLImage','02.Descriptif produit'),
	(1,0,0,0,0,'',0,0,'','attachements','getAttachements','02.Descriptif produit'),
	(1,0,0,0,0,'',0,0,'','tags','getTags','02.Descriptif produit'),
	(1,0,0,0,0,'',0,0,'','wholesale_price','getWholesalePrice','02.Descriptif produit'),
	(1,0,0,0,0,'',0,0,'','name_with_attributes','getNameAttributes','02.Descriptif produit'),
	(1,0,0,0,0,'',0,0,'','name_with_attributes_full','getGroupNameAttributes','02.Descriptif produit'),
	(1,0,0,0,0,'',0,0,'','all_features','getFeatures','02.Descriptif produit'),
	(1,0,0,0,0,'',0,0,'','all_features_oneblock','getFeaturesOneBlock','02.Descriptif produit'),
	(1,0,0,0,0,'',0,0,'','all_attributes','getAttributes','02.Descriptif produit'),
	(1,0,0,0,0,'',0,0,'','variation_theme','getVariationtheme','02.Descriptif produit'),

	-- Logistique
	(1,0,1,1,0,'',0,0,'','frais_de_port','getShipping','03.Logistique'),
	(1,0,1,0,0,'',0,0,'En stock|Hors stock','stock','getInStock','03.Logistique'),
	(1,0,1,0,0,'',0,0,'','quantite_stock','getStockQuantity','03.Logistique'),
	(1,0,1,1,1,'2-3',0,0,'','delais_livraison','getFeatureAttrGroup','03.Logistique'),
	(1,0,1,0,0,'',0,0,'','info_livraison','getDeliveryInfo','03.Logistique'),
	(1,0,0,0,0,'',0,0,'','largeur_colis','getProductWidth','03.Logistique'),
	(1,0,0,0,0,'',0,0,'','hauteur_colis','getProductHeight','03.Logistique'),
	(1,0,0,0,0,'',0,0,'','profondeur_colis','getProductDepth','03.Logistique'),
	(1,0,0,0,1,'0',0,0,'','nombre_colis','getFeatureAttrGroup','03.Logistique'),
	(1,0,0,0,0,'',0,0,'','message_en_stock','getProductAvailableNow','03.Logistique'),
	(1,0,0,0,0,'',0,0,'','message_hors_stock','getProductAvailableLater','03.Logistique'),
	(1,0,0,0,0,'',0,0,'','date_disponibilite','getProductAvailableDate','03.Logistique'),
	(1,0,0,0,0,'',0,0,'','additional_shipping_cost','getProductAdditionalShippingCost','03.Logistique'),




	-- Animation Commerciale
	(1,0,1,0,0,'',0,0,'','prix_barre','getPrixBarre','04.Animation commerciale'),
	(1,0,0,0,0,'',0,0,'','date_debut_promo','getPromoStart','04.Animation commerciale'),
	(1,0,0,0,0,'',0,0,'','date_fin_promo','getPromoEnd','04.Animation commerciale'),
	(1,0,0,0,0,'',0,0,'normal|special|nouveau|promo|solde','type_offre','getPromoType','04.Animation commerciale'),
	(1,0,0,0,1,'0',0,0,'','bundle','getBundle','04.Animation commerciale'),

	-- Categories
	(1,0,1,1,0,'0',0,0,'','categorie','getCategory','05.Catégories'),


	-- Vetements
	(1,0,0,0,1,'',0,0,'Homme|Femme|Fille|Garçon|Unisexe','vetements_sexe','getFeatureAttrGroup','06.Vêtements'),
	(1,0,0,0,1,'',0,0,'','vetements_couleur','getFeatureAttrGroup','06.Vêtements'),
	(1,0,0,0,1,'',0,0,'','vetements_taille','getFeatureAttrGroup','06.Vêtements'),
	(1,0,0,0,1,'',0,0,'','vetements_tranche_age','getFeatureAttrGroup','06.Vêtements'),


	-- Référencement
	(1,0,0,0,0,'',0,0,'','seo_title','getMetaTitle','07.Référencement'),
	(1,0,0,0,0,'',0,0,'','seo_metadescription','getMetaDescription','07.Référencement'),
	(1,0,0,0,0,'',0,0,'','seo_urlsimplifie','getMetaLinkRewrite','07.Référencement'),
	(1,0,0,0,0,'',0,0,'','seo_metamotscles','getMetaKeywords','07.Référencement')

[2018-10-25 11:09:14:000000] --- DB INSTALLATION ENDED ---
[2018-10-25 11:09:14:000000] --- TAB INSTALLATION STARTED ---
[2018-10-25 11:09:14:000000] SUCCESS: Tab created for 'AdminBeezupLog' class.
[2018-10-25 11:09:14:000000] --- TAB INSTALLATION ENDED ---
[2018-10-25 11:09:14:000000] --- HOOK INSTALLATION STARTED ---
[2018-10-25 11:09:14:000000] SUCCESS: Module 'beezup' registered to hook 'header'.
[2018-10-25 11:09:14:000000] SUCCESS: Module 'beezup' registered to hook 'updateOrderStatus'.
[2018-10-25 11:09:14:000000] SUCCESS: Module 'beezup' registered to hook 'newOrder'.
[2018-10-25 11:09:14:000000] SUCCESS: Module 'beezup' registered to hook 'paymentTop'.
[2018-10-25 11:09:14:000000] SUCCESS: Module 'beezup' registered to hook 'orderConfirmation'.
[2018-10-25 11:09:14:000000] SUCCESS: Module 'beezup' registered to hook 'updateCarrier'.
[2018-10-25 11:09:14:000000] SUCCESS: Module 'beezup' registered to hook 'adminOrder'.
[2018-10-25 11:09:14:000000] --- HOOK INSTALLATION ENDED ---
--------------------------------------------------
----------  INSTALL SUCCESSFULLY ENDED  ----------
--------------------------------------------------
